<?xml version="1.0" encoding="UTF-8"?>
<!-- Generated by org.testng.reporters.JUnitXMLReporter -->
<testsuite hostname="UMESH-PC" ignored="0" name="Default test" tests="4" failures="0" timestamp="2020-06-01T17:12:51 IST" time="49.255" errors="0">
  <testcase name="verifyLogin" time="0.564" classname="com.ddf.testcases.TC_002_ValidateLoginFunctionality"/>
  <testcase name="verifyLogin" time="1.494" classname="com.ddf.testcases.TC_002_ValidateLoginFunctionality"/>
  <testcase name="verifyLogin" time="0.696" classname="com.ddf.testcases.TC_002_ValidateLoginFunctionality"/>
  <testcase name="verifyLogin" time="0.485" classname="com.ddf.testcases.TC_002_ValidateLoginFunctionality"/>
</testsuite> <!-- Default test -->
